app/build/outputs/logs/manifest-merger-debug-report.txt
-- Merging decision tree log ---
manifest
ADDED from src\main\AndroidManifest.xml:2:1-61:12
	package
		ADDED from src\main\AndroidManifest.xml:3:5-38
		INJECTED from src\main\AndroidManifest.xml
		INJECTED from src\main\AndroidManifest.xml
	android:versionName
		ADDED from src\main\AndroidManifest.xml:5:5-30
		INJECTED from src\main\AndroidManifest.xml
		INJECTED from src\main\AndroidManifest.xml
	android:versionCode
		ADDED from src\main\AndroidManifest.xml:4:5-28
		INJECTED from src\main\AndroidManifest.xml
		INJECTED from src\main\AndroidManifest.xml
	xmlns:android
		ADDED from src\main\AndroidManifest.xml:2:11-69
uses-permission#android.permission.ACCESS_COARSE_LOCATION
ADDED from src\main\AndroidManifest.xml:7:5-81
	android:name
		ADDED from src\main\AndroidManifest.xml:7:22-78
uses-permission#android.permission.ACCESS_FINE_LOCATION
ADDED from src\main\AndroidManifest.xml:8:5-79
	android:name
		ADDED from src\main\AndroidManifest.xml:8:22-76
uses-permission#android.permission.INTERNET
ADDED from src\main\AndroidManifest.xml:9:5-67
MERGED from [com.google.firebase:firebase-iid:10.0.1] AndroidManifest.xml:20:5-66
	android:name
		ADDED from src\main\AndroidManifest.xml:9:22-64
uses-permission#android.permission.READ_SMS
ADDED from src\main\AndroidManifest.xml:10:5-67
	android:name
		ADDED from src\main\AndroidManifest.xml:10:22-64
uses-permission#android.permission.WRITE_SMS
ADDED from src\main\AndroidManifest.xml:11:5-68
	android:name
		ADDED from src\main\AndroidManifest.xml:11:22-65
uses-permission#android.permission.RECEIVE_SMS
ADDED from src\main\AndroidManifest.xml:12:5-70
	android:name
		ADDED from src\main\AndroidManifest.xml:12:22-67
uses-permission#android.permission.READ_CONTACTS
ADDED from src\main\AndroidManifest.xml:13:5-72
	android:name
		ADDED from src\main\AndroidManifest.xml:13:22-69
uses-permission#android.permission.WRITE_CONTACTS
ADDED from src\main\AndroidManifest.xml:14:5-73
	android:name
		ADDED from src\main\AndroidManifest.xml:14:22-70
uses-permission#android.permission.CALL_PHONE
ADDED from src\main\AndroidManifest.xml:15:5-69
	android:name
		ADDED from src\main\AndroidManifest.xml:15:22-66
uses-permission#android.permission.SEND_SMS
ADDED from src\main\AndroidManifest.xml:16:5-67
	android:name
		ADDED from src\main\AndroidManifest.xml:16:22-64
uses-permission#android.permission.WRITE_EXTERNAL_STORAGE
ADDED from src\main\AndroidManifest.xml:17:5-81
	android:name
		ADDED from src\main\AndroidManifest.xml:17:22-78
uses-permission#android.permission.READ_PHONE_STATE
ADDED from src\main\AndroidManifest.xml:18:5-75
	android:name
		ADDED from src\main\AndroidManifest.xml:18:22-72
uses-permission#android.permission.READ_EXTERNAL_STORAGE
ADDED from src\main\AndroidManifest.xml:19:5-80
	android:name
		ADDED from src\main\AndroidManifest.xml:19:22-77
application
ADDED from src\main\AndroidManifest.xml:21:5-59:19
MERGED from [com.android.support:appcompat-v7:24.2.0] AndroidManifest.xml:25:5-20
MERGED from [com.android.support:support-vector-drawable:24.2.0] AndroidManifest.xml:23:5-20
MERGED from [com.android.support:support-compat:24.2.0] AndroidManifest.xml:25:5-20
MERGED from [com.android.support:animated-vector-drawable:24.2.0] AndroidManifest.xml:22:5-20
MERGED from [com.android.support:support-v4:24.2.0] AndroidManifest.xml:25:5-20
MERGED from [com.android.support:support-core-utils:24.2.0] AndroidManifest.xml:25:5-20
MERGED from [com.android.support:support-media-compat:24.2.0] AndroidManifest.xml:25:5-20
MERGED from [com.android.support:support-core-ui:24.2.0] AndroidManifest.xml:25:5-20
MERGED from [com.android.support:support-fragment:24.2.0] AndroidManifest.xml:25:5-20
MERGED from [com.google.android.gms:play-services-basement:10.0.1] AndroidManifest.xml:19:5-21:19
MERGED from [com.google.firebase:firebase-common:10.0.1] AndroidManifest.xml:4:5-7:19
MERGED from [com.google.android.gms:play-services-tasks:10.0.1] AndroidManifest.xml:4:5-19
MERGED from [com.google.firebase:firebase-auth:10.0.1] AndroidManifest.xml:19:5-20:19
MERGED from [com.google.android.gms:play-services-base:10.0.1] AndroidManifest.xml:18:5-20:19
MERGED from [com.google.firebase:firebase-messaging:10.0.1] AndroidManifest.xml:19:5-29:19
MERGED from [com.google.firebase:firebase-iid:10.0.1] AndroidManifest.xml:28:5-50:19
	android:label
		ADDED from src\main\AndroidManifest.xml:24:9-41
	android:allowBackup
		ADDED from src\main\AndroidManifest.xml:22:9-35
	android:icon
		ADDED from src\main\AndroidManifest.xml:23:9-45
	android:theme
		ADDED from src\main\AndroidManifest.xml:25:9-40
activity#com.example.appforblind.MainActivity
ADDED from src\main\AndroidManifest.xml:26:9-34:20
	android:label
		ADDED from src\main\AndroidManifest.xml:28:13-45
	android:name
		ADDED from src\main\AndroidManifest.xml:27:13-41
intent-filter#android.intent.action.MAIN+android.intent.category.LAUNCHER
ADDED from src\main\AndroidManifest.xml:29:13-33:29
action#android.intent.action.MAIN
ADDED from src\main\AndroidManifest.xml:30:17-69
	android:name
		ADDED from src\main\AndroidManifest.xml:30:25-66
category#android.intent.category.LAUNCHER
ADDED from src\main\AndroidManifest.xml:32:17-77
	android:name
		ADDED from src\main\AndroidManifest.xml:32:27-74
receiver#com.example.appforblind.SMSReceiver
ADDED from src\main\AndroidManifest.xml:36:9-42:20
	android:enabled
		ADDED from src\main\AndroidManifest.xml:38:13-35
	android:name
		ADDED from src\main\AndroidManifest.xml:37:13-40
intent-filter#android.provider.Telephony.SMS_RECEIVED
ADDED from src\main\AndroidManifest.xml:39:13-41:29
	android:priority
		ADDED from src\main\AndroidManifest.xml:39:28-50
action#android.provider.Telephony.SMS_RECEIVED
ADDED from src\main\AndroidManifest.xml:40:17-82
	android:name
		ADDED from src\main\AndroidManifest.xml:40:25-79
service#com.example.appforblind.ReadIncomingSms
ADDED from src\main\AndroidManifest.xml:44:9-52
	android:name
		ADDED from src\main\AndroidManifest.xml:44:18-49
receiver#com.example.appforblind.CallStateReader
ADDED from src\main\AndroidManifest.xml:46:9-53:20
	android:enabled
		ADDED from src\main\AndroidManifest.xml:48:13-35
	android:exported
		ADDED from src\main\AndroidManifest.xml:49:13-36
	android:name
		ADDED from src\main\AndroidManifest.xml:47:13-44
intent-filter#android.intent.action.PHONE_STATE
ADDED from src\main\AndroidManifest.xml:50:13-52:29
action#android.intent.action.PHONE_STATE
ADDED from src\main\AndroidManifest.xml:51:17-76
	android:name
		ADDED from src\main\AndroidManifest.xml:51:25-73
service#com.example.appforblind.LocationUpload
ADDED from src\main\AndroidManifest.xml:55:9-58:47
	android:enabled
		ADDED from src\main\AndroidManifest.xml:57:13-35
	android:exported
		ADDED from src\main\AndroidManifest.xml:58:13-36
	android:name
		ADDED from src\main\AndroidManifest.xml:56:13-43
uses-sdk
INJECTED from src\main\AndroidManifest.xml reason: use-sdk injection requested
MERGED from [com.android.support:appcompat-v7:24.2.0] AndroidManifest.xml:21:5-23:78
MERGED from [com.android.support:support-vector-drawable:24.2.0] AndroidManifest.xml:21:5-43
MERGED from [com.android.support:support-compat:24.2.0] AndroidManifest.xml:21:5-23:58
MERGED from [com.android.support:animated-vector-drawable:24.2.0] AndroidManifest.xml:20:5-44
MERGED from [com.android.support:support-v4:24.2.0] AndroidManifest.xml:21:5-23:54
MERGED from [com.android.support:support-core-utils:24.2.0] AndroidManifest.xml:21:5-23:61
MERGED from [com.android.support:support-media-compat:24.2.0] AndroidManifest.xml:21:5-23:63
MERGED from [com.android.support:support-core-ui:24.2.0] AndroidManifest.xml:21:5-23:58
MERGED from [com.android.support:support-fragment:24.2.0] AndroidManifest.xml:21:5-23:60
MERGED from [com.google.firebase:firebase-database:10.0.1] AndroidManifest.xml:3:5-42
MERGED from [com.google.android.gms:play-services-basement:10.0.1] AndroidManifest.xml:17:5-42
MERGED from [com.google.firebase:firebase-database-connection:10.0.1] AndroidManifest.xml:3:5-42
MERGED from [com.google.firebase:firebase-common:10.0.1] AndroidManifest.xml:3:5-42
MERGED from [com.google.android.gms:play-services-tasks:10.0.1] AndroidManifest.xml:3:5-42
MERGED from [com.google.firebase:firebase-auth:10.0.1] AndroidManifest.xml:17:5-42
MERGED from [com.google.android.gms:play-services-base:10.0.1] AndroidManifest.xml:17:5-42
MERGED from [com.google.firebase:firebase-messaging:10.0.1] AndroidManifest.xml:17:5-42
MERGED from [com.google.firebase:firebase-iid:10.0.1] AndroidManifest.xml:17:5-42
	tools:overrideLibrary
		ADDED from [com.android.support:appcompat-v7:24.2.0] AndroidManifest.xml:23:9-75
	android:targetSdkVersion
		INJECTED from src\main\AndroidManifest.xml
		INJECTED from src\main\AndroidManifest.xml
	android:minSdkVersion
		INJECTED from src\main\AndroidManifest.xml
		INJECTED from src\main\AndroidManifest.xml
meta-data#com.google.android.gms.version
ADDED from [com.google.android.gms:play-services-basement:10.0.1] AndroidManifest.xml:20:9-121
	android:value
		ADDED from [com.google.android.gms:play-services-basement:10.0.1] AndroidManifest.xml:20:66-119
	android:name
		ADDED from [com.google.android.gms:play-services-basement:10.0.1] AndroidManifest.xml:20:20-65
provider#com.google.firebase.provider.FirebaseInitProvider
ADDED from [com.google.firebase:firebase-common:10.0.1] AndroidManifest.xml:6:9-194
	android:authorities
		ADDED from [com.google.firebase:firebase-common:10.0.1] AndroidManifest.xml:6:19-78
	android:exported
		ADDED from [com.google.firebase:firebase-common:10.0.1] AndroidManifest.xml:6:144-168
	android:initOrder
		ADDED from [com.google.firebase:firebase-common:10.0.1] AndroidManifest.xml:6:169-192
	android:name
		ADDED from [com.google.firebase:firebase-common:10.0.1] AndroidManifest.xml:6:79-143
activity#com.google.android.gms.common.api.GoogleApiActivity
ADDED from [com.google.android.gms:play-services-base:10.0.1] AndroidManifest.xml:19:9-172
	android:exported
		ADDED from [com.google.android.gms:play-services-base:10.0.1] AndroidManifest.xml:19:146-170
	android:theme
		ADDED from [com.google.android.gms:play-services-base:10.0.1] AndroidManifest.xml:19:86-145
	android:name
		ADDED from [com.google.android.gms:play-services-base:10.0.1] AndroidManifest.xml:19:19-85
service#com.google.firebase.messaging.FirebaseMessagingService
ADDED from [com.google.firebase:firebase-messaging:10.0.1] AndroidManifest.xml:23:9-27:19
	android:exported
		ADDED from [com.google.firebase:firebase-messaging:10.0.1] AndroidManifest.xml:23:88-111
	android:name
		ADDED from [com.google.firebase:firebase-messaging:10.0.1] AndroidManifest.xml:23:18-87
intent-filter#com.google.firebase.MESSAGING_EVENT
ADDED from [com.google.firebase:firebase-messaging:10.0.1] AndroidManifest.xml:24:13-26:29
	android:priority
		ADDED from [com.google.firebase:firebase-messaging:10.0.1] AndroidManifest.xml:24:28-51
action#com.google.firebase.MESSAGING_EVENT
ADDED from [com.google.firebase:firebase-messaging:10.0.1] AndroidManifest.xml:25:17-77
	android:name
		ADDED from [com.google.firebase:firebase-messaging:10.0.1] AndroidManifest.xml:25:25-75
uses-permission#android.permission.ACCESS_NETWORK_STATE
ADDED from [com.google.firebase:firebase-iid:10.0.1] AndroidManifest.xml:19:5-78
	android:name
		ADDED from [com.google.firebase:firebase-iid:10.0.1] AndroidManifest.xml:19:22-76
uses-permission#android.permission.WAKE_LOCK
ADDED from [com.google.firebase:firebase-iid:10.0.1] AndroidManifest.xml:21:5-67
	android:name
		ADDED from [com.google.firebase:firebase-iid:10.0.1] AndroidManifest.xml:21:22-65
uses-permission#com.google.android.c2dm.permission.RECEIVE
ADDED from [com.google.firebase:firebase-iid:10.0.1] AndroidManifest.xml:22:5-81
	android:name
		ADDED from [com.google.firebase:firebase-iid:10.0.1] AndroidManifest.xml:22:22-79
permission#${applicationId}.permission.C2D_MESSAGE
ADDED from [com.google.firebase:firebase-iid:10.0.1] AndroidManifest.xml:24:5-109
	android:protectionLevel
		ADDED from [com.google.firebase:firebase-iid:10.0.1] AndroidManifest.xml:24:72-107
	android:name
		ADDED from [com.google.firebase:firebase-iid:10.0.1] AndroidManifest.xml:24:17-71
uses-permission#${applicationId}.permission.C2D_MESSAGE
ADDED from [com.google.firebase:firebase-iid:10.0.1] AndroidManifest.xml:26:5-78
	android:name
		ADDED from [com.google.firebase:firebase-iid:10.0.1] AndroidManifest.xml:26:22-76
receiver#com.google.firebase.iid.FirebaseInstanceIdReceiver
ADDED from [com.google.firebase:firebase-iid:10.0.1] AndroidManifest.xml:30:9-36:20
	android:exported
		ADDED from [com.google.firebase:firebase-iid:10.0.1] AndroidManifest.xml:30:85-108
	android:permission
		ADDED from [com.google.firebase:firebase-iid:10.0.1] AndroidManifest.xml:30:109-169
	android:name
		ADDED from [com.google.firebase:firebase-iid:10.0.1] AndroidManifest.xml:30:19-84
intent-filter#${applicationId}+com.google.android.c2dm.intent.RECEIVE+com.google.android.c2dm.intent.REGISTRATION
ADDED from [com.google.firebase:firebase-iid:10.0.1] AndroidManifest.xml:31:13-35:29
action#com.google.android.c2dm.intent.RECEIVE
ADDED from [com.google.firebase:firebase-iid:10.0.1] AndroidManifest.xml:32:17-80
	android:name
		ADDED from [com.google.firebase:firebase-iid:10.0.1] AndroidManifest.xml:32:25-78
action#com.google.android.c2dm.intent.REGISTRATION
ADDED from [com.google.firebase:firebase-iid:10.0.1] AndroidManifest.xml:33:17-85
	android:name
		ADDED from [com.google.firebase:firebase-iid:10.0.1] AndroidManifest.xml:33:25-83
category#${applicationId}
ADDED from [com.google.firebase:firebase-iid:10.0.1] AndroidManifest.xml:34:17-60
	android:name
		ADDED from [com.google.firebase:firebase-iid:10.0.1] AndroidManifest.xml:34:27-58
receiver#com.google.firebase.iid.FirebaseInstanceIdInternalReceiver
ADDED from [com.google.firebase:firebase-iid:10.0.1] AndroidManifest.xml:40:9-119
	android:exported
		ADDED from [com.google.firebase:firebase-iid:10.0.1] AndroidManifest.xml:40:93-117
	android:name
		ADDED from [com.google.firebase:firebase-iid:10.0.1] AndroidManifest.xml:40:19-92
service#com.google.firebase.iid.FirebaseInstanceIdService
ADDED from [com.google.firebase:firebase-iid:10.0.1] AndroidManifest.xml:44:9-48:19
	android:exported
		ADDED from [com.google.firebase:firebase-iid:10.0.1] AndroidManifest.xml:44:83-106
	android:name
		ADDED from [com.google.firebase:firebase-iid:10.0.1] AndroidManifest.xml:44:18-82
intent-filter#com.google.firebase.INSTANCE_ID_EVENT
ADDED from [com.google.firebase:firebase-iid:10.0.1] AndroidManifest.xml:45:13-47:29
	android:priority
		ADDED from [com.google.firebase:firebase-iid:10.0.1] AndroidManifest.xml:45:28-51
action#com.google.firebase.INSTANCE_ID_EVENT
ADDED from [com.google.firebase:firebase-iid:10.0.1] AndroidManifest.xml:46:17-79
	android:name
		ADDED from [com.google.firebase:firebase-iid:10.0.1] AndroidManifest.xml:46:25-77